
SQL*Loader: Release 21.0.0.0.0 - Production on Tue Jan 11 18:33:34 2022
Version 21.3.0.0.0

Copyright (c) 1982, 2021, Oracle and/or its affiliates.  All rights reserved.

Control File:   parks_data.ctl
Data File:      park_data_loc.csv
  Bad File:     park_data_loc.bad
  Discard File:  none specified
 
 (Allow all discards)

Number to load: ALL
Number to skip: 1
Errors allowed: 50
Bind array:     250 rows, maximum of 1048576 bytes
Continuation:    none specified
Path used:      Conventional

Table PARKS, loaded from every logical record.
Insert option in effect for this table: REPLACE
TRAILING NULLCOLS option in effect

   Column Name                  Position   Len  Term Encl Datatype
------------------------------ ---------- ----- ---- ---- ---------------------
NAME                                FIRST     *   ,       CHARACTER            
CLASSIFICATION                       NEXT     *   ,       CHARACTER            
POST                                 NEXT     *   ,       CHARACTER            
XCOORD                               NEXT     *   ,       CHARACTER            
YCOORD                               NEXT     *   ,       CHARACTER            
DATAZONE                             NEXT     *  WHT      CHARACTER            


Table PARKS:
  8 Rows successfully loaded.
  0 Rows not loaded due to data errors.
  0 Rows not loaded because all WHEN clauses were failed.
  0 Rows not loaded because all fields were null.


Space allocated for bind array:                 387000 bytes(250 rows)
Read   buffer bytes: 1048576

Total logical records skipped:          1
Total logical records read:             8
Total logical records rejected:         0
Total logical records discarded:        0

Run began on Tue Jan 11 18:33:34 2022
Run ended on Tue Jan 11 18:33:38 2022

Elapsed time was:     00:00:03.67
CPU time was:         00:00:00.04
